<?xml version="1.0" encoding="UTF-8"?>
<!-- Generated by org.testng.reporters.JUnitReportReporter -->
<testsuite skipped="0" hostname="Vaibhav" name="common.practices.ExcelOpeartions" tests="1" failures="0" timestamp="04 Mar 2021 19:01:05 GMT" time="14.199" errors="1">
  <testcase name="enterCredentials" time="14.199" classname="common.practices.ExcelOpeartions">
    <error type="java.lang.ClassCastException" message="java.lang.String cannot be cast to [Ljava.lang.Object;">
      <![CDATA[java.lang.ClassCastException: java.lang.String cannot be cast to [Ljava.lang.Object;
at org.testng.internal.Parameters$1.next(Parameters.java:739)
at org.testng.internal.Parameters$1.next(Parameters.java:723)
at org.testng.internal.Invoker.invokeTestMethods(Invoker.java:976)
at org.testng.internal.TestMethodWorker.invokeTestMethods(TestMethodWorker.java:125)
at org.testng.internal.TestMethodWorker.run(TestMethodWorker.java:109)
at org.testng.TestRunner.privateRun(TestRunner.java:648)
at org.testng.TestRunner.run(TestRunner.java:505)
at org.testng.SuiteRunner.runTest(SuiteRunner.java:455)
at org.testng.SuiteRunner.runSequentially(SuiteRunner.java:450)
at org.testng.SuiteRunner.privateRun(SuiteRunner.java:415)
at org.testng.SuiteRunner.run(SuiteRunner.java:364)
at org.testng.SuiteRunnerWorker.runSuite(SuiteRunnerWorker.java:52)
at org.testng.SuiteRunnerWorker.run(SuiteRunnerWorker.java:84)
at org.testng.TestNG.runSuitesSequentially(TestNG.java:1208)
at org.testng.TestNG.runSuitesLocally(TestNG.java:1137)
at org.testng.TestNG.runSuites(TestNG.java:1049)
at org.testng.TestNG.run(TestNG.java:1017)
at org.testng.remote.AbstractRemoteTestNG.run(AbstractRemoteTestNG.java:114)
at org.testng.remote.RemoteTestNG.initAndRun(RemoteTestNG.java:251)
at org.testng.remote.RemoteTestNG.main(RemoteTestNG.java:77)
]]>
    </error>
  </testcase> <!-- enterCredentials -->
</testsuite> <!-- common.practices.ExcelOpeartions -->
