<?xml version="1.0" encoding="UTF-8"?>
<!-- Generated by org.testng.reporters.JUnitReportReporter -->
<testsuite skipped="0" hostname="Vaibhav" name="com.stepDefinations.TestRunnerForFailedTestCases" tests="2" failures="0" timestamp="06 Mar 2021 05:46:36 GMT" time="117.345" errors="0">
  <testcase name="runScenario" time="67.668" classname="com.stepDefinations.TestRunnerForFailedTestCases"/>
  <testcase name="runScenario" time="49.677" classname="com.stepDefinations.TestRunnerForFailedTestCases"/>
</testsuite> <!-- com.stepDefinations.TestRunnerForFailedTestCases -->
