<?xml version="1.0" encoding="UTF-8"?>
<!-- Generated by org.testng.reporters.JUnitReportReporter -->
<testsuite skipped="1" hostname="Vaibhav" name="com.Runners.TestRunner" tests="1" failures="0" timestamp="02 Mar 2021 06:11:27 GMT" time="0.549" errors="0">
  <testcase name="runScenario" time="0.549" classname="com.Runners.TestRunner">
    <skipped/>
  </testcase> <!-- runScenario -->
</testsuite> <!-- com.Runners.TestRunner -->
